<?xml version="1.0" encoding="UTF-8"?>
<!-- Generated by org.testng.reporters.JUnitReportReporter -->
<testsuite hostname="Ilhams-MacBook-Pro.local" failures="0" tests="1" name="saucedemo.mavenproject.DetailsProductPriceTest" time="3.077" errors="0" timestamp="2023-06-05T06:54:01 WIB" skipped="0">
  <testcase classname="saucedemo.mavenproject.DetailsProductPriceTest" name="detailsProductPrice" time="3.077"/>
  <system-out/>
</testsuite> <!-- saucedemo.mavenproject.DetailsProductPriceTest -->
