<?xml version="1.0" encoding="UTF-8"?>
<!-- Generated by org.testng.reporters.JUnitReportReporter -->
<testsuite hostname="Ilhams-MacBook-Pro.local" failures="0" tests="1" name="saucedemo.mavenproject.AppTest" time="24.781" errors="0" timestamp="2023-06-05T06:11:02 WIB" skipped="0">
  <testcase classname="saucedemo.mavenproject.AppTest" name="endToEndTesting" time="24.781"/>
  <system-out/>
</testsuite> <!-- saucedemo.mavenproject.AppTest -->
