<?xml version="1.0" encoding="UTF-8"?>
<!-- Generated by org.testng.reporters.JUnitReportReporter -->
<testsuite hostname="Ilhams-MacBook-Pro.local" failures="0" tests="1" name="saucedemo.mavenproject.LoginTest" time="3.224" errors="0" timestamp="2023-06-05T06:23:01 WIB" skipped="0">
  <testcase classname="saucedemo.mavenproject.LoginTest" name="login" time="3.224"/>
  <system-out/>
</testsuite> <!-- saucedemo.mavenproject.LoginTest -->
