<?xml version="1.0" encoding="UTF-8"?>
<!-- Generated by org.testng.reporters.JUnitReportReporter -->
<testsuite hostname="Ilhams-MacBook-Pro.local" failures="0" tests="1" name="saucedemo.mavenproject.BuyProductTest" time="15.862" errors="0" timestamp="2023-06-05T06:54:01 WIB" skipped="0">
  <testcase classname="saucedemo.mavenproject.BuyProductTest" name="buyProduct" time="15.862"/>
  <system-out/>
</testsuite> <!-- saucedemo.mavenproject.BuyProductTest -->
