<?xml version="1.0" encoding="UTF-8"?>
<!-- Generated by org.testng.reporters.JUnitReportReporter -->
<testsuite hostname="Ilhams-MacBook-Pro.local" failures="0" tests="1" name="saucedemo.mavenproject.SortProductsTest" time="6.265" errors="0" timestamp="2023-06-04T21:31:55 WIB" skipped="0">
  <testcase classname="saucedemo.mavenproject.SortProductsTest" name="sortProducts" time="6.265"/>
  <system-out/>
</testsuite> <!-- saucedemo.mavenproject.SortProductsTest -->
