<?xml version="1.0" encoding="UTF-8"?>
<!-- Generated by org.testng.reporters.JUnitReportReporter -->
<testsuite hostname="Ilhams-MacBook-Pro.local" failures="0" tests="1" name="saucedemo.mavenproject.EndToEndTest" time="25.213" errors="0" timestamp="2023-06-05T06:50:40 WIB" skipped="0">
  <testcase classname="saucedemo.mavenproject.EndToEndTest" name="endToEndTesting" time="25.213"/>
  <system-out/>
</testsuite> <!-- saucedemo.mavenproject.EndToEndTest -->
