<?xml version="1.0" encoding="UTF-8"?>
<!-- Generated by org.testng.reporters.JUnitReportReporter -->
<testsuite hostname="Ilhams-MacBook-Pro.local" failures="0" tests="1" name="saucedemo.mavenproject.BuyProductTest" time="24.769" errors="0" timestamp="2023-06-05T05:55:03 WIB" skipped="0">
  <testcase classname="saucedemo.mavenproject.BuyProductTest" name="buyProduct" time="24.769"/>
  <system-out/>
</testsuite> <!-- saucedemo.mavenproject.BuyProductTest -->
